<?xml version="1.0" encoding="UTF-8"?>
<testng-results total="1" passed="1" failed="0" skipped="0">
  <reporter-output>
  </reporter-output>
  <suite started-at="2021-05-01T10:19:13Z" name="Suite" finished-at="2021-05-01T10:19:16Z" duration-ms="3666">
    <groups>
    </groups>
    <test started-at="2021-05-01T10:19:13Z" name="flight" finished-at="2021-05-01T10:19:16Z" duration-ms="3666">
      <class name="com.honestfood.mamacita.tc.MamacitaTC">
        <test-method is-config="true" signature="openBrowser()[pri:0, instance:com.honestfood.mamacita.tc.MamacitaTC@662b4c69]" started-at="2021-05-01T15:49:13Z" name="openBrowser" finished-at="2021-05-01T15:49:15Z" duration-ms="2022" status="PASS">
          <reporter-output>
          </reporter-output>
        </test-method> <!-- openBrowser -->
        <test-method signature="addMamaCitaProductToCart()[pri:0, instance:com.honestfood.mamacita.tc.MamacitaTC@662b4c69]" started-at="2021-05-01T15:49:15Z" name="addMamaCitaProductToCart" finished-at="2021-05-01T15:49:16Z" duration-ms="1511" status="PASS">
          <reporter-output>
          </reporter-output>
        </test-method> <!-- addMamaCitaProductToCart -->
        <test-method is-config="true" signature="tearDown()[pri:0, instance:com.honestfood.mamacita.tc.MamacitaTC@662b4c69]" started-at="2021-05-01T15:49:16Z" name="tearDown" finished-at="2021-05-01T15:49:16Z" duration-ms="116" status="PASS">
          <reporter-output>
          </reporter-output>
        </test-method> <!-- tearDown -->
      </class> <!-- com.honestfood.mamacita.tc.MamacitaTC -->
    </test> <!-- flight -->
  </suite> <!-- Suite -->
</testng-results>
