<?xml version="1.0" encoding="UTF-8"?>
<testng-results total="1" passed="1" failed="0" skipped="0">
  <reporter-output>
  </reporter-output>
  <suite started-at="2021-05-01T12:46:35Z" name="Default suite" finished-at="2021-05-01T12:46:57Z" duration-ms="22267">
    <groups>
    </groups>
    <test started-at="2021-05-01T12:46:35Z" name="Default test" finished-at="2021-05-01T12:46:57Z" duration-ms="22267">
      <class name="com.honestfood.mamacita.tc.MamacitaTC">
        <test-method is-config="true" signature="openBrowser()[pri:0, instance:com.honestfood.mamacita.tc.MamacitaTC@146dfe6]" started-at="2021-05-01T18:16:35Z" name="openBrowser" finished-at="2021-05-01T18:16:37Z" duration-ms="1911" status="PASS">
          <reporter-output>
          </reporter-output>
        </test-method> <!-- openBrowser -->
        <test-method signature="addMamaCitaProductToCart()[pri:0, instance:com.honestfood.mamacita.tc.MamacitaTC@146dfe6]" started-at="2021-05-01T18:16:37Z" name="addMamaCitaProductToCart" finished-at="2021-05-01T18:16:57Z" duration-ms="20339" status="PASS">
          <reporter-output>
          </reporter-output>
        </test-method> <!-- addMamaCitaProductToCart -->
        <test-method is-config="true" signature="tearDown()[pri:0, instance:com.honestfood.mamacita.tc.MamacitaTC@146dfe6]" started-at="2021-05-01T18:16:57Z" name="tearDown" finished-at="2021-05-01T18:16:57Z" duration-ms="0" status="PASS">
          <reporter-output>
          </reporter-output>
        </test-method> <!-- tearDown -->
      </class> <!-- com.honestfood.mamacita.tc.MamacitaTC -->
    </test> <!-- Default test -->
  </suite> <!-- Default suite -->
</testng-results>
